<?xml version="1.0" encoding="UTF-8"?>
<testsuite xmlns:xsi="http://www.w3.org/2001/XMLSchema-instance" xsi:noNamespaceSchemaLocation="https://maven.apache.org/surefire/maven-surefire-plugin/xsd/surefire-test-report.xsd" name="souza.aline.CheckoutTest" time="19.766" tests="6" errors="0" skipped="0" failures="0">
  <properties>
[...]
</properties>
  <testcase name="scanWithUnregisteredItem" classname="souza.aline.CheckoutTest" time="0.003"/>
  <testcase name="hasPriceWithUnregisteredItem" classname="souza.aline.CheckoutTest" time="0"/>
  <testcase name="getTotalWithNoItems" classname="souza.aline.CheckoutTest" time="0"/>
  <testcase name="getTotalWithMultipleItems" classname="souza.aline.CheckoutTest" time="18.325"/>
  <testcase name="scanWithRegisteredItems" classname="souza.aline.CheckoutTest" time="0.005"/>
  <testcase name="hasPriceWithRegisteredItem" classname="souza.aline.CheckoutTest" time="0.003"/>
</testsuite>